<?xml version="1.0" encoding="UTF-8"?>
<!-- Generated by org.testng.reporters.JUnitReportReporter -->
<testsuite hostname="LAPTOP-5BPHCMCH" failures="0" tests="2" name="vendorLogin.PYSDashBoard" time="11.986" errors="0" timestamp="2024-02-19T13:31:31 IST" skipped="1">
  <testcase classname="vendorLogin.PYSDashBoard" name="Viewboookings016" time="11.986"/>
  <system-out/>
  <testcase classname="vendorLogin.PYSDashBoard" name="ChangePassword">
    <skipped/>
  </testcase> <!-- ChangePassword -->
  <system-out/>
</testsuite> <!-- vendorLogin.PYSDashBoard -->
