<?xml version="1.0" encoding="UTF-8"?>
<!-- Generated by org.testng.reporters.JUnitReportReporter -->
<testsuite hostname="LAPTOP-5BPHCMCH" failures="0" tests="1" name="com.cotyledon.pys.pomrepository.asmple" time="0.015" errors="0" timestamp="2024-02-17T15:12:59 IST" skipped="0">
  <testcase classname="com.cotyledon.pys.pomrepository.asmple" name="ViewBookings" time="0.015"/>
  <system-out/>
</testsuite> <!-- com.cotyledon.pys.pomrepository.asmple -->
